<?xml version="1.0" encoding="UTF-8"?>
<testng-results ignored="0" total="1" passed="1" failed="0" skipped="0">
  <reporter-output>
  </reporter-output>
  <suite started-at="2023-05-05T14:30:29 IST" name="SuiteHP" finished-at="2023-05-05T14:30:49 IST" duration-ms="19529">
    <groups>
    </groups>
    <test started-at="2023-05-05T14:30:29 IST" name="TestHP" finished-at="2023-05-05T14:30:49 IST" duration-ms="19529">
      <class name="org.pageexec.HomePageExec">
        <test-method is-config="true" signature="browserLaunch()[pri:0, instance:org.pageexec.HomePageExec@55a147cc]" started-at="2023-05-05T14:30:29 IST" name="browserLaunch" finished-at="2023-05-05T14:30:32 IST" duration-ms="3297" status="PASS">
          <reporter-output>
          </reporter-output>
        </test-method> <!-- browserLaunch -->
        <test-method is-config="true" signature="url(java.lang.String)[pri:0, instance:org.pageexec.HomePageExec@55a147cc]" started-at="2023-05-05T14:30:32 IST" name="url" finished-at="2023-05-05T14:30:36 IST" duration-ms="3698" status="PASS">
          <params>
            <param index="0">
              <value>
                <![CDATA[https://www.amazon.in/]]>
              </value>
            </param>
          </params>
          <reporter-output>
          </reporter-output>
        </test-method> <!-- url -->
        <test-method signature="search()[pri:0, instance:org.pageexec.HomePageExec@55a147cc]" started-at="2023-05-05T14:30:36 IST" name="search" finished-at="2023-05-05T14:30:49 IST" duration-ms="12474" status="PASS">
          <reporter-output>
          </reporter-output>
        </test-method> <!-- search -->
      </class> <!-- org.pageexec.HomePageExec -->
    </test> <!-- TestHP -->
  </suite> <!-- SuiteHP -->
</testng-results>
